TN:
SF:preload/index.cjs
FN:4,ping
FN:6,health
FN:7,nodesCatalog
FN:8,loadProject
FN:11,loadSample
FN:12,openFile
FN:13,validate
FN:14,saveToBackend
FN:16,saveToFile
FN:18,saveAsFile
FN:20,autoSave
FN:22,getAutoSave
FN:23,clearAutoSave
FN:24,generatePreview
FN:26,loadFromBackend
FN:29,logPreview
FNF:16
FNH:16
FNDA:1,ping
FNDA:1,health
FNDA:1,nodesCatalog
FNDA:1,loadProject
FNDA:1,loadSample
FNDA:1,openFile
FNDA:1,validate
FNDA:1,saveToBackend
FNDA:1,saveToFile
FNDA:1,saveAsFile
FNDA:1,autoSave
FNDA:1,getAutoSave
FNDA:1,clearAutoSave
FNDA:1,generatePreview
FNDA:1,loadFromBackend
FNDA:1,logPreview
DA:1,1
DA:2,1
DA:3,1
DA:4,1
DA:5,1
DA:6,1
DA:7,1
DA:8,1
DA:9,1
DA:10,1
DA:11,1
DA:12,1
DA:13,1
DA:14,1
DA:15,1
DA:16,1
DA:17,1
DA:18,1
DA:19,1
DA:20,1
DA:21,1
DA:22,1
DA:23,1
DA:24,1
DA:25,1
DA:26,1
DA:27,1
DA:28,1
DA:29,1
DA:30,1
DA:31,1
LF:31
LH:31
BRDA:4,0,0,1
BRDA:6,1,0,1
BRDA:7,2,0,1
BRDA:8,3,0,1
BRDA:11,4,0,1
BRDA:12,5,0,1
BRDA:13,6,0,1
BRDA:14,7,0,1
BRDA:16,8,0,1
BRDA:18,9,0,1
BRDA:20,10,0,1
BRDA:22,11,0,1
BRDA:23,12,0,1
BRDA:24,13,0,1
BRDA:26,14,0,1
BRDA:29,15,0,1
BRF:16
BRH:16
end_of_record
TN:
SF:src/project-io.ts
FN:18,resolveAjvConstructor
FN:26,resolveAddFormats
FN:52,ProjectValidationError
FN:62,formatValidationIssues
FN:78,validateProject
FN:82,assertProject
FN:91,parseProject
FN:109,loadProject
FN:120,saveProject
FN:136,getProjectSchemaPath
FN:140,getValidator
FN:144,serializeProject
FNF:12
FNH:12
FNDA:3,resolveAjvConstructor
FNDA:3,resolveAddFormats
FNDA:3,ProjectValidationError
FNDA:7,formatValidationIssues
FNDA:1,validateProject
FNDA:4,assertProject
FNDA:2,parseProject
FNDA:1,loadProject
FNDA:3,saveProject
FNDA:1,getProjectSchemaPath
FNDA:1,getValidator
FNDA:3,serializeProject
DA:1,1
DA:2,1
DA:3,1
DA:4,1
DA:5,1
DA:6,1
DA:7,1
DA:8,1
DA:9,1
DA:10,1
DA:11,1
DA:12,1
DA:13,1
DA:14,1
DA:15,1
DA:16,1
DA:17,1
DA:18,1
DA:19,3
DA:20,3
DA:21,2
DA:22,2
DA:23,1
DA:24,1
DA:25,1
DA:26,1
DA:27,3
DA:28,3
DA:29,2
DA:30,2
DA:31,1
DA:32,1
DA:33,1
DA:34,1
DA:35,1
DA:36,1
DA:37,1
DA:38,1
DA:39,1
DA:40,1
DA:41,1
DA:42,1
DA:43,1
DA:44,1
DA:45,1
DA:46,1
DA:47,1
DA:48,1
DA:49,1
DA:50,1
DA:51,1
DA:52,1
DA:53,3
DA:54,3
DA:55,3
DA:56,1
DA:57,1
DA:58,1
DA:59,1
DA:60,1
DA:61,1
DA:62,1
DA:63,7
DA:64,2
DA:65,2
DA:66,5
DA:67,5
DA:68,5
DA:69,5
DA:70,5
DA:71,5
DA:72,5
DA:73,5
DA:74,5
DA:75,5
DA:76,5
DA:77,1
DA:78,1
DA:79,1
DA:80,1
DA:81,1
DA:82,1
DA:83,4
DA:84,2
DA:85,2
DA:86,2
DA:87,2
DA:88,2
DA:89,2
DA:90,1
DA:91,1
DA:92,2
DA:93,2
DA:94,2
DA:95,2
DA:96,1
DA:97,1
DA:98,1
DA:99,1
DA:100,1
DA:101,1
DA:102,1
DA:103,1
DA:104,1
DA:105,1
DA:106,1
DA:107,1
DA:108,1
DA:109,1
DA:110,1
DA:111,1
DA:112,1
DA:113,1
DA:114,1
DA:115,1
DA:116,1
DA:117,1
DA:118,1
DA:119,1
DA:120,3
DA:121,3
DA:122,3
DA:123,3
DA:124,3
DA:125,3
DA:126,3
DA:127,3
DA:128,2
DA:129,2
DA:130,2
DA:131,2
DA:132,2
DA:133,2
DA:134,2
DA:135,1
DA:136,1
DA:137,1
DA:138,1
DA:139,1
DA:140,1
DA:141,1
DA:142,1
DA:143,1
DA:144,1
DA:145,3
DA:146,3
LF:146
LH:146
BRDA:18,0,0,3
BRDA:20,1,0,2
BRDA:22,2,0,1
BRDA:26,3,0,3
BRDA:28,4,0,2
BRDA:30,5,0,1
BRDA:52,6,0,3
BRDA:62,7,0,7
BRDA:63,8,0,2
BRDA:65,9,0,5
BRDA:67,10,0,5
BRDA:68,11,0,2
BRDA:68,12,0,1
BRDA:70,13,0,1
BRDA:71,14,0,1
BRDA:78,15,0,1
BRDA:82,16,0,4
BRDA:83,17,0,2
BRDA:91,18,0,2
BRDA:95,19,0,1
BRDA:109,20,0,1
BRDA:120,21,0,3
BRDA:127,22,0,2
BRDA:136,23,0,1
BRDA:140,24,0,1
BRDA:144,25,0,3
BRF:26
BRH:26
end_of_record
TN:
SF:src/renderer/utils/autosave.ts
FN:3,cloneProject
FN:7,stripAutosaveMetadata
FNF:2
FNH:2
FNDA:2,cloneProject
FNDA:2,stripAutosaveMetadata
DA:1,1
DA:2,1
DA:3,1
DA:4,2
DA:5,2
DA:6,1
DA:7,1
DA:8,2
DA:9,2
DA:10,2
DA:11,2
DA:12,1
DA:13,1
DA:14,2
DA:15,2
DA:16,2
DA:17,2
LF:17
LH:17
BRDA:3,0,0,2
BRDA:7,1,0,2
BRDA:11,2,0,1
BRF:3
BRH:3
end_of_record
