TN:
SF:preload/index.cjs
FN:4,ping
FN:6,health
FN:7,nodesCatalog
FN:8,loadProject
FN:11,loadSample
FN:12,openFile
FN:13,validate
FN:14,saveToBackend
FN:16,saveToFile
FN:18,saveAsFile
FN:20,autoSave
FN:22,getAutoSave
FN:23,clearAutoSave
FN:24,generatePreview
FN:26,loadFromBackend
FN:29,logPreview
FNF:16
FNH:16
FNDA:1,ping
FNDA:1,health
FNDA:1,nodesCatalog
FNDA:1,loadProject
FNDA:1,loadSample
FNDA:1,openFile
FNDA:1,validate
FNDA:1,saveToBackend
FNDA:1,saveToFile
FNDA:1,saveAsFile
FNDA:1,autoSave
FNDA:1,getAutoSave
FNDA:1,clearAutoSave
FNDA:1,generatePreview
FNDA:1,loadFromBackend
FNDA:1,logPreview
DA:1,1
DA:2,1
DA:3,1
DA:4,1
DA:5,1
DA:6,1
DA:7,1
DA:8,1
DA:9,1
DA:10,1
DA:11,1
DA:12,1
DA:13,1
DA:14,1
DA:15,1
DA:16,1
DA:17,1
DA:18,1
DA:19,1
DA:20,1
DA:21,1
DA:22,1
DA:23,1
DA:24,1
DA:25,1
DA:26,1
DA:27,1
DA:28,1
DA:29,1
DA:30,1
DA:31,1
LF:31
LH:31
BRDA:4,0,0,1
BRDA:6,1,0,1
BRDA:7,2,0,1
BRDA:8,3,0,1
BRDA:11,4,0,1
BRDA:12,5,0,1
BRDA:13,6,0,1
BRDA:14,7,0,1
BRDA:16,8,0,1
BRDA:18,9,0,1
BRDA:20,10,0,1
BRDA:22,11,0,1
BRDA:23,12,0,1
BRDA:24,13,0,1
BRDA:26,14,0,1
BRDA:29,15,0,1
BRF:16
BRH:16
end_of_record
TN:
SF:src/project-io.ts
FN:18,resolveAjvConstructor
FN:26,resolveAddFormats
FN:52,ProjectValidationError
FN:62,formatValidationIssues
FN:78,validateProject
FN:82,assertProject
FN:91,parseProject
FN:109,loadProject
FN:120,saveProject
FN:136,getProjectSchemaPath
FN:140,getValidator
FN:144,serializeProject
FNF:12
FNH:12
FNDA:3,resolveAjvConstructor
FNDA:3,resolveAddFormats
FNDA:3,ProjectValidationError
FNDA:7,formatValidationIssues
FNDA:1,validateProject
FNDA:4,assertProject
FNDA:2,parseProject
FNDA:1,loadProject
FNDA:3,saveProject
FNDA:1,getProjectSchemaPath
FNDA:1,getValidator
FNDA:3,serializeProject
DA:1,1
DA:2,1
DA:3,1
DA:4,1
DA:5,1
DA:6,1
DA:7,1
DA:8,1
DA:9,1
DA:10,1
DA:11,1
DA:12,1
DA:13,1
DA:14,1
DA:15,1
DA:16,1
DA:17,1
DA:18,1
DA:19,3
DA:20,3
DA:21,2
DA:22,2
DA:23,1
DA:24,1
DA:25,1
DA:26,1
DA:27,3
DA:28,3
DA:29,2
DA:30,2
DA:31,1
DA:32,1
DA:33,1
DA:34,1
DA:35,1
DA:36,1
DA:37,1
DA:38,1
DA:39,1
DA:40,1
DA:41,1
DA:42,1
DA:43,1
DA:44,1
DA:45,1
DA:46,1
DA:47,1
DA:48,1
DA:49,1
DA:50,1
DA:51,1
DA:52,1
DA:53,3
DA:54,3
DA:55,3
DA:56,1
DA:57,1
DA:58,1
DA:59,1
DA:60,1
DA:61,1
DA:62,1
DA:63,7
DA:64,2
DA:65,2
DA:66,5
DA:67,5
DA:68,5
DA:69,5
DA:70,5
DA:71,5
DA:72,5
DA:73,5
DA:74,5
DA:75,5
DA:76,5
DA:77,1
DA:78,1
DA:79,1
DA:80,1
DA:81,1
DA:82,1
DA:83,4
DA:84,2
DA:85,2
DA:86,2
DA:87,2
DA:88,2
DA:89,2
DA:90,1
DA:91,1
DA:92,2
DA:93,2
DA:94,2
DA:95,2
DA:96,1
DA:97,1
DA:98,1
DA:99,1
DA:100,1
DA:101,1
DA:102,1
DA:103,1
DA:104,1
DA:105,1
DA:106,1
DA:107,1
DA:108,1
DA:109,1
DA:110,1
DA:111,1
DA:112,1
DA:113,1
DA:114,1
DA:115,1
DA:116,1
DA:117,1
DA:118,1
DA:119,1
DA:120,3
DA:121,3
DA:122,3
DA:123,3
DA:124,3
DA:125,3
DA:126,3
DA:127,3
DA:128,2
DA:129,2
DA:130,2
DA:131,2
DA:132,2
DA:133,2
DA:134,2
DA:135,1
DA:136,1
DA:137,1
DA:138,1
DA:139,1
DA:140,1
DA:141,1
DA:142,1
DA:143,1
DA:144,1
DA:145,3
DA:146,3
LF:146
LH:146
BRDA:18,0,0,3
BRDA:20,1,0,2
BRDA:22,2,0,1
BRDA:26,3,0,3
BRDA:28,4,0,2
BRDA:30,5,0,1
BRDA:52,6,0,3
BRDA:62,7,0,7
BRDA:63,8,0,2
BRDA:65,9,0,5
BRDA:67,10,0,5
BRDA:68,11,0,2
BRDA:68,12,0,1
BRDA:70,13,0,1
BRDA:71,14,0,1
BRDA:78,15,0,1
BRDA:82,16,0,4
BRDA:83,17,0,2
BRDA:91,18,0,2
BRDA:95,19,0,1
BRDA:109,20,0,1
BRDA:120,21,0,3
BRDA:127,22,0,2
BRDA:136,23,0,1
BRDA:140,24,0,1
BRDA:144,25,0,3
BRF:26
BRH:26
end_of_record
TN:
SF:src/renderer/utils/autosave.ts
FN:3,cloneProject
FN:7,stripAutosaveMetadata
FNF:2
FNH:2
FNDA:17,cloneProject
FNDA:17,stripAutosaveMetadata
DA:1,1
DA:2,1
DA:3,1
DA:4,17
DA:5,17
DA:6,1
DA:7,1
DA:8,17
DA:9,17
DA:10,17
DA:11,17
DA:12,3
DA:13,3
DA:14,17
DA:15,17
DA:16,17
DA:17,17
LF:17
LH:17
BRDA:3,0,0,17
BRDA:7,1,0,17
BRDA:11,2,0,3
BRF:3
BRH:3
end_of_record
TN:
SF:src/renderer/utils/graph.ts
FN:21,generateUniqueNodeId
FN:38,generateUniqueEdgeId
FN:60,duplicateSelection
FNF:3
FNH:3
FNDA:6,generateUniqueNodeId
FNDA:2,generateUniqueEdgeId
FNDA:5,duplicateSelection
DA:1,1
DA:2,1
DA:3,1
DA:4,1
DA:5,1
DA:6,1
DA:7,1
DA:8,1
DA:9,1
DA:10,1
DA:11,1
DA:12,1
DA:13,1
DA:14,1
DA:15,1
DA:16,1
DA:17,1
DA:18,1
DA:19,1
DA:20,1
DA:21,1
DA:22,6
DA:23,6
DA:24,1
DA:25,1
DA:26,1
DA:27,5
DA:28,5
DA:29,5
DA:30,6
DA:31,2
DA:32,2
DA:33,2
DA:34,5
DA:35,5
DA:36,5
DA:37,1
DA:38,1
DA:39,2
DA:40,2
DA:41,1
DA:42,1
DA:43,1
DA:44,1
DA:45,1
DA:46,1
DA:47,1
DA:48,1
DA:49,1
DA:50,1
DA:51,1
DA:52,1
DA:53,1
DA:54,1
DA:55,1
DA:56,1
DA:57,1
DA:58,1
DA:59,1
DA:60,1
DA:61,5
DA:62,1
DA:63,1
DA:64,4
DA:65,4
DA:66,4
DA:67,4
DA:68,4
DA:69,4
DA:70,4
DA:71,5
DA:72,6
DA:73,2
DA:74,2
DA:75,4
DA:76,4
DA:77,4
DA:78,4
DA:79,4
DA:80,4
DA:81,6
DA:82,6
DA:83,6
DA:84,6
DA:85,6
DA:86,6
DA:87,6
DA:88,4
DA:89,4
DA:90,5
DA:91,5
DA:92,3
DA:93,3
DA:94,2
DA:95,2
DA:96,5
DA:97,1
DA:98,1
DA:99,1
DA:100,1
DA:101,1
DA:102,1
DA:103,1
DA:104,1
DA:105,1
DA:106,1
DA:107,1
DA:108,1
DA:109,4
DA:110,4
DA:111,4
LF:111
LH:111
BRDA:21,0,0,6
BRDA:23,1,0,1
BRDA:26,2,0,5
BRDA:30,3,0,2
BRDA:33,4,0,5
BRDA:38,5,0,2
BRDA:40,6,0,1
BRDA:60,7,0,5
BRDA:61,8,0,1
BRDA:63,9,0,4
BRDA:71,10,0,6
BRDA:72,11,0,2
BRDA:74,12,0,4
BRDA:81,13,0,1
BRDA:82,14,0,4
BRDA:82,15,0,1
BRDA:87,16,0,4
BRDA:91,17,0,4
BRDA:91,18,0,3
BRDA:93,19,0,2
BRDA:96,20,0,1
BRDA:96,21,0,1
BRDA:108,22,0,4
BRDA:65,23,0,6
BRDA:66,24,0,5
BRF:25
BRH:25
end_of_record
TN:
SF:src/renderer/utils/preview-change.ts
FN:9,detectPreviewChange
FNF:1
FNH:1
FNDA:6,detectPreviewChange
DA:1,1
DA:2,1
DA:3,1
DA:4,1
DA:5,1
DA:6,1
DA:7,1
DA:8,1
DA:9,1
DA:10,6
DA:11,6
DA:12,6
DA:13,6
DA:14,6
DA:15,6
DA:16,6
DA:17,6
DA:18,6
LF:18
LH:18
BRDA:9,0,0,6
BRDA:15,1,0,3
BRF:2
BRH:2
end_of_record
TN:
SF:src/renderer/utils/preview-hash.ts
FN:6,normalizeValue
FN:46,normalizeNodes
FN:67,normalizeEdges
FN:84,normalizeAssets
FN:98,normalizeMetadata
FN:103,normalizeResolution
FN:114,computeProjectPreviewHash
FNF:7
FNH:7
FNDA:1535,normalizeValue
FNDA:15,normalizeNodes
FNDA:15,normalizeEdges
FNDA:15,normalizeAssets
FNDA:15,normalizeMetadata
FNDA:15,normalizeResolution
FNDA:17,computeProjectPreviewHash
DA:1,1
DA:2,1
DA:3,1
DA:4,1
DA:5,1
DA:6,1535
DA:7,1535
DA:8,95
DA:9,95
DA:10,1440
DA:11,1535
DA:12,105
DA:13,105
DA:14,1335
DA:15,1535
DA:16,455
DA:17,455
DA:18,455
DA:19,455
DA:20,455
DA:21,455
DA:22,455
DA:23,1255
DA:24,1255
DA:25,455
DA:26,455
DA:27,880
DA:28,1535
DA:29,270
DA:30,0
DA:31,0
DA:32,270
DA:33,270
DA:34,610
DA:35,1535
DA:36,550
DA:37,550
DA:38,60
DA:39,60
DA:40,60
DA:41,60
DA:42,0
DA:43,0
DA:44,0
DA:45,1
DA:46,15
DA:47,15
DA:48,15
DA:49,30
DA:50,30
DA:51,30
DA:52,30
DA:53,30
DA:54,30
DA:55,30
DA:56,30
DA:57,30
DA:58,30
DA:59,30
DA:60,30
DA:61,0
DA:62,15
DA:63,15
DA:64,15
DA:65,15
DA:66,1
DA:67,15
DA:68,15
DA:69,15
DA:70,15
DA:71,15
DA:72,15
DA:73,15
DA:74,15
DA:75,0
DA:76,0
DA:77,0
DA:78,0
DA:79,0
DA:80,15
DA:81,15
DA:82,15
DA:83,1
DA:84,15
DA:85,15
DA:86,15
DA:87,15
DA:88,15
DA:89,15
DA:90,15
DA:91,15
DA:92,15
DA:93,15
DA:94,15
DA:95,15
DA:96,15
DA:97,1
DA:98,15
DA:99,15
DA:100,15
DA:101,15
DA:102,1
DA:103,15
DA:104,15
DA:105,5
DA:106,5
DA:107,10
DA:108,10
DA:109,10
DA:110,15
DA:111,15
DA:112,15
DA:113,1
DA:114,1
DA:115,17
DA:116,2
DA:117,2
DA:118,15
DA:119,15
DA:120,15
DA:121,15
DA:122,15
DA:123,15
DA:124,15
DA:125,15
DA:126,15
DA:127,15
DA:128,15
DA:129,15
DA:130,15
DA:131,15
DA:132,15
DA:133,15
LF:133
LH:122
BRDA:6,0,0,1535
BRDA:7,1,0,1440
BRDA:7,2,0,95
BRDA:9,3,0,1440
BRDA:11,4,0,105
BRDA:13,5,0,1335
BRDA:15,6,0,455
BRDA:22,7,0,1255
BRDA:26,8,0,880
BRDA:28,9,0,270
BRDA:29,10,0,0
BRDA:33,11,0,610
BRDA:35,12,0,550
BRDA:37,13,0,60
BRDA:41,14,0,0
BRDA:12,15,0,120
BRDA:17,16,0,1255
BRDA:18,17,0,1255
BRDA:19,18,0,1445
BRDA:46,19,0,15
BRDA:48,20,0,30
BRDA:52,21,0,0
BRDA:53,22,0,0
BRDA:54,23,0,0
BRDA:55,24,0,0
BRDA:58,25,0,0
BRDA:59,26,0,0
BRDA:60,27,0,0
BRDA:63,28,0,15
BRDA:64,29,0,30
BRDA:67,30,0,15
BRDA:69,31,0,15
BRDA:72,32,0,5
BRDA:81,33,0,15
BRDA:84,34,0,15
BRDA:86,35,0,15
BRDA:90,36,0,5
BRDA:91,37,0,5
BRDA:92,38,0,5
BRDA:95,39,0,15
BRDA:98,40,0,15
BRDA:99,41,0,0
BRDA:103,42,0,15
BRDA:104,43,0,5
BRDA:106,44,0,10
BRDA:109,45,0,0
BRDA:110,46,0,0
BRDA:114,47,0,17
BRDA:115,48,0,2
BRDA:117,49,0,15
BRF:50
BRH:38
end_of_record
